2026-01-26 15:39:04.843 [main] INFO  path.to._40c.NovaQuant - Starting NovaQuant using Java 17.0.10 with PID 20096 (C:\Users\Vinoth M\Downloads\novaquant\target\classes started by Vinoth M in C:\Users\Vinoth M\Downloads\novaquant)
2026-01-26 15:39:04.873 [main] INFO  path.to._40c.NovaQuant - No active profile set, falling back to 1 default profile: "default"
2026-01-26 15:39:07.359 [main] INFO  o.s.d.r.c.RepositoryConfigurationDelegate - Bootstrapping Spring Data JPA repositories in DEFAULT mode.
2026-01-26 15:39:07.674 [main] INFO  o.s.d.r.c.RepositoryConfigurationDelegate - Finished Spring Data repository scanning in 279 ms. Found 6 JPA repository interfaces.
2026-01-26 15:39:09.795 [main] INFO  o.s.b.w.e.tomcat.TomcatWebServer - Tomcat initialized with port 8080 (http)
2026-01-26 15:39:09.832 [main] INFO  o.a.coyote.http11.Http11NioProtocol - Initializing ProtocolHandler ["http-nio-8080"]
2026-01-26 15:39:09.837 [main] INFO  o.a.catalina.core.StandardService - Starting service [Tomcat]
2026-01-26 15:39:09.838 [main] INFO  o.a.catalina.core.StandardEngine - Starting Servlet engine: [Apache Tomcat/10.1.50]
2026-01-26 15:39:10.074 [main] INFO  o.a.c.c.C.[Tomcat].[localhost].[/] - Initializing Spring embedded WebApplicationContext
2026-01-26 15:39:10.075 [main] INFO  o.s.b.w.s.c.ServletWebServerApplicationContext - Root WebApplicationContext: initialization completed in 5039 ms
2026-01-26 15:39:10.691 [main] INFO  o.h.jpa.internal.util.LogHelper - HHH000204: Processing PersistenceUnitInfo [name: default]
2026-01-26 15:39:10.953 [main] INFO  org.hibernate.Version - HHH000412: Hibernate ORM core version 6.6.39.Final
2026-01-26 15:39:11.127 [main] INFO  o.h.c.i.RegionFactoryInitiator - HHH000026: Second-level cache disabled
2026-01-26 15:39:12.396 [main] INFO  o.s.o.j.p.SpringPersistenceUnitInfo - No LoadTimeWeaver setup: ignoring JPA class transformer
2026-01-26 15:39:12.513 [main] INFO  com.zaxxer.hikari.HikariDataSource - HikariPool-1 - Starting...
2026-01-26 15:39:12.976 [main] INFO  com.zaxxer.hikari.pool.HikariPool - HikariPool-1 - Added connection org.sqlite.jdbc4.JDBC4Connection@5238896f
2026-01-26 15:39:12.986 [main] INFO  com.zaxxer.hikari.HikariDataSource - HikariPool-1 - Start completed.
2026-01-26 15:39:13.171 [main] INFO  o.hibernate.orm.connections.pooling - HHH10001005: Database info:
	Database JDBC URL [Connecting through datasource 'HikariDataSource (HikariPool-1)']
	Database driver: undefined/unknown
	Database version: 3.49.1
	Autocommit mode: undefined/unknown
	Isolation level: undefined/unknown
	Minimum pool size: undefined/unknown
	Maximum pool size: undefined/unknown
2026-01-26 15:39:16.547 [main] INFO  o.h.e.t.j.p.i.JtaPlatformInitiator - HHH000489: No JTA platform available (set 'hibernate.transaction.jta.platform' to enable JTA platform integration)
2026-01-26 15:39:16.723 [main] INFO  o.s.o.j.LocalContainerEntityManagerFactoryBean - Initialized JPA EntityManagerFactory for persistence unit 'default'
2026-01-26 15:39:17.996 [main] INFO  o.s.d.j.r.query.QueryEnhancerFactory - Hibernate is in classpath; If applicable, HQL parser will be used.
2026-01-26 15:39:21.185 [main] INFO  p.t._40c.controller.SignalController - Starting cache initialization from database...
2026-01-26 15:39:21.321 [main] INFO  p.t._40c.controller.SignalController - Loaded last trade for strategy: flipMaster
2026-01-26 15:39:21.322 [main] INFO  p.t._40c.controller.SignalController - Cache initialization complete: 0 signals cached, 1 strategies tracked
2026-01-26 15:39:21.410 [main] WARN  o.s.b.a.o.j.JpaBaseConfiguration$JpaWebConfiguration - spring.jpa.open-in-view is enabled by default. Therefore, database queries may be performed during view rendering. Explicitly configure spring.jpa.open-in-view to disable this warning
2026-01-26 15:39:22.800 [main] INFO  o.a.coyote.http11.Http11NioProtocol - Starting ProtocolHandler ["http-nio-8080"]
2026-01-26 15:39:22.914 [main] INFO  o.s.b.w.e.tomcat.TomcatWebServer - Tomcat started on port 8080 (http) with context path '/'
2026-01-26 15:39:22.945 [main] INFO  path.to._40c.NovaQuant - Started NovaQuant in 20.116 seconds (process running for 21.539)
2026-01-26 15:39:42.160 [http-nio-8080-exec-1] INFO  o.a.c.c.C.[Tomcat].[localhost].[/] - Initializing Spring DispatcherServlet 'dispatcherServlet'
2026-01-26 15:39:42.162 [http-nio-8080-exec-1] INFO  o.s.web.servlet.DispatcherServlet - Initializing Servlet 'dispatcherServlet'
2026-01-26 15:39:42.166 [http-nio-8080-exec-1] INFO  o.s.web.servlet.DispatcherServlet - Completed initialization in 4 ms
2026-01-26 15:42:13.831 [http-nio-8080-exec-9] INFO  p.t._.controller.KiteAuthController - ContractPriority [positionSide=LONG, optionType=CE, actionType=BUY, lots=1, strike=ATM-200]
2026-01-26 15:42:13.832 [http-nio-8080-exec-9] INFO  p.t._.controller.KiteAuthController - ContractPriority [positionSide=SHORT, optionType=PE, actionType=BUY, lots=1, strike=ATM+200]
